<?xml version='1.0' encoding='UTF-8'?>
<testsuite hostname="DESKTOP-UJFA3QJ" name="LexerTests" tests="12" errors="0" failures="2" skipped="0" time="6.885" timestamp="2022-12-11T15:03:54">
          <properties>
[...]
</properties>
          <testcase classname="LexerTests" name="Test lexer: simple concat (2p)" time="0.191">
                      
                    </testcase><testcase classname="LexerTests" name="Test lexer: simple union (2p)" time="0.033">
                      
                    </testcase><testcase classname="LexerTests" name="Test lexer: space and zeros char (5p)" time="0.03">
                      
                    </testcase><testcase classname="LexerTests" name="Test lexer: space and zeros char (5p)-1" time="0.07">
                      
                    </testcase><testcase classname="LexerTests" name="Test lexer: ones and twos char (8p)" time="0.083">
                      
                    </testcase><testcase classname="LexerTests" name="Test lexer: plus and star char (8p)" time="0.056">
                      
                    </testcase><testcase classname="LexerTests" name="Test lexer: whitespaces char (10p)" time="0.121">
                      
                    </testcase><testcase classname="LexerTests" name="Test lexer: abcd diverse char (10p)" time="0.098">
                      
                    </testcase><testcase classname="LexerTests" name="Test lexer: everything complex char (15p)" time="1.942">
                      
                    </testcase><testcase classname="LexerTests" name="Test lexer: simple error parsing char (5p)" time="0.015">
                      <failure message="key not found: ((Set((ABC,1)),5), )" type="java.util.NoSuchElementException">java.util.NoSuchElementException: key not found: ((Set((ABC,1)),5), )
	at munit.FunSuite.assert(FunSuite.scala:11)
	at LexerTests.$anonfun$new$132(LexerTests.scala:166)
	at scala.runtime.java8.JFunction0$mcV$sp.apply(JFunction0$mcV$sp.scala:18)
</failure>
                    </testcase><testcase classname="LexerTests" name="Test lexer: simple error parsing char (10p)" time="0.028">
                      <failure message="/mnt/c/Users/mihai/OneDrive/Desktop/Anu 4/LFA/Proiect/mihai/solutions-scala/src/test/scala/LexerTests.scala:188 assertion failed
187:
[7m188:    assert(Lexer(spec).lex(&quot;abcbcbcaabaad dccbca&quot;) == Left(&quot;No viable alternative at character 10, line 0&quot;))[0m
189:    assert(Lexer(spec).lex(&quot;d abdbc ccddabbbc&quot;) == Left(&quot;No viable alternative at character 4, line 0&quot;))" type="munit.FailException">munit.FailException: /mnt/c/Users/mihai/OneDrive/Desktop/Anu 4/LFA/Proiect/mihai/solutions-scala/src/test/scala/LexerTests.scala:188 assertion failed
187:
[7m188:    assert(Lexer(spec).lex(&quot;abcbcbcaabaad dccbca&quot;) == Left(&quot;No viable alternative at character 10, line 0&quot;))[0m
189:    assert(Lexer(spec).lex(&quot;d abdbc ccddabbbc&quot;) == Left(&quot;No viable alternative at character 4, line 0&quot;))
	at munit.FunSuite.assert(FunSuite.scala:11)
	at LexerTests.$anonfun$new$155(LexerTests.scala:188)
	at scala.runtime.java8.JFunction0$mcV$sp.apply(JFunction0$mcV$sp.scala:18)
</failure>
                    </testcase><testcase classname="LexerTests" name="Test lexer: lexer for a real language (20p)" time="4.218">
                      
                    </testcase>
          <system-out><![CDATA[]]></system-out>
          <system-err><![CDATA[]]></system-err>
        </testsuite>